[01m[K/root/Desktop/QtrosAndOpenCV/hyzAndJoJo/src/opencv_node/src/opencv_node.cpp:[m[K 在成员函数‘[01m[Kvoid OpenCVNode::image_callback(sensor_msgs::msg::Image_<std::allocator<void> >::SharedPtr)[m[K’中:
[01m[K/root/Desktop/QtrosAndOpenCV/hyzAndJoJo/src/opencv_node/src/opencv_node.cpp:43:9:[m[K [01;31m[K错误：[m[K‘[01m[KCLCPP_DEBUG[m[K’ was not declared in this scope; did you mean ‘[01m[KRCLCPP_DEBUG[m[K’?
   43 |         [01;31m[KCLCPP_DEBUG[m[K(this->get_logger(), "GGGG %d GGGG",cv_ptr->image.channels());
      |         [01;31m[K^~~~~~~~~~~[m[K
      |         [32m[KRCLCPP_DEBUG[m[K
gmake[2]: *** [CMakeFiles/camera_pack.dir/build.make:76：CMakeFiles/camera_pack.dir/src/opencv_node.cpp.o] 错误 1
gmake[1]: *** [CMakeFiles/Makefile2:137：CMakeFiles/camera_pack.dir/all] 错误 2
gmake: *** [Makefile:146：all] 错误 2
