-- Found ament_cmake: 1.3.4 (/opt/ros/humble/share/ament_cmake/cmake)
-- Override CMake install command with custom implementation using symlinks instead of copying resources
-- Found rclcpp: 16.0.4 (/opt/ros/humble/share/rclcpp/cmake)
-- Found rosidl_generator_c: 3.1.4 (/opt/ros/humble/share/rosidl_generator_c/cmake)
-- Found rosidl_adapter: 3.1.4 (/opt/ros/humble/share/rosidl_adapter/cmake)
-- Found rosidl_generator_cpp: 3.1.4 (/opt/ros/humble/share/rosidl_generator_cpp/cmake)
-- Using all available rosidl_typesupport_c: rosidl_typesupport_fastrtps_c;rosidl_typesupport_introspection_c
-- Using all available rosidl_typesupport_cpp: rosidl_typesupport_fastrtps_cpp;rosidl_typesupport_introspection_cpp
-- Found rmw_implementation_cmake: 6.1.1 (/opt/ros/humble/share/rmw_implementation_cmake/cmake)
-- Found rmw_fastrtps_cpp: 6.2.2 (/opt/ros/humble/share/rmw_fastrtps_cpp/cmake)
-- Using RMW implementation 'rmw_fastrtps_cpp' as default
-- Found sensor_msgs: 4.2.3 (/opt/ros/humble/share/sensor_msgs/cmake)
-- Found cv_bridge: 3.2.1 (/opt/ros/humble/share/cv_bridge/cmake)
-- Found ament_lint_auto: 0.12.6 (/opt/ros/humble/share/ament_lint_auto/cmake)
-- Added test 'cppcheck' to perform static code analysis on C / C++ code
-- Configured cppcheck include dirs: /root/Desktop/QtrosAndOpenCV/hyzAndJoJo/src/opencv_node/include;$<BUILD_INTERFACE:/root/Desktop/QtrosAndOpenCV/hyzAndJoJo/src/opencv_node/include>
-- Configured cppcheck exclude dirs and/or files: 
-- Added test 'lint_cmake' to check CMake code style
-- Added test 'uncrustify' to check C / C++ code style
-- Configured uncrustify additional arguments: 
-- Added test 'xmllint' to check XML markup files
-- Configuring done (3.2s)
-- Generating done (0.0s)
-- Build files have been written to: /root/Desktop/QtrosAndOpenCV/hyzAndJoJo/build/opencv_node
[ 50%] [32mBuilding CXX object CMakeFiles/camera_pack.dir/src/opencv_node.cpp.o[0m
[01m[K/root/Desktop/QtrosAndOpenCV/hyzAndJoJo/src/opencv_node/src/opencv_node.cpp:[m[K 在成员函数‘[01m[Kvoid OpenCVNode::image_callback(sensor_msgs::msg::Image_<std::allocator<void> >::SharedPtr)[m[K’中:
[01m[K/root/Desktop/QtrosAndOpenCV/hyzAndJoJo/src/opencv_node/src/opencv_node.cpp:43:9:[m[K [01;31m[K错误：[m[K‘[01m[KCLCPP_DEBUG[m[K’ was not declared in this scope; did you mean ‘[01m[KRCLCPP_DEBUG[m[K’?
   43 |         [01;31m[KCLCPP_DEBUG[m[K(this->get_logger(), "GGGG %d GGGG",cv_ptr->image.channels());
      |         [01;31m[K^~~~~~~~~~~[m[K
      |         [32m[KRCLCPP_DEBUG[m[K
[01m[K/root/Desktop/QtrosAndOpenCV/hyzAndJoJo/src/opencv_node/src/opencv_node.cpp:54:79:[m[K [01;31m[K错误：[m[Kexpected primary-expression before ‘[01m[K([m[K’ token
   54 |             sensor_msgs::msg::Image::SharedPtr output_msg = cv_bridge::CvImage[01;31m[K([m[Kstd_msgs::msg::Header(),
      |                                                                               [01;31m[K^[m[K
[01m[K/root/Desktop/QtrosAndOpenCV/hyzAndJoJo/src/opencv_node/src/opencv_node.cpp:55:110:[m[K [01;31m[K错误：[m[Kexpected unqualified-id before ‘[01m[K,[m[K’ token
   55 |                                                                                sensor_msgs::image_encodings::[01;31m[K,[m[Kprocessed_image).toImageMsg();
      |                                                                                                              [01;31m[K^[m[K
[01m[K/root/Desktop/QtrosAndOpenCV/hyzAndJoJo/src/opencv_node/src/opencv_node.cpp:66:36:[m[K [01;31m[K错误：[m[K‘[01m[Koutput_msg[m[K’在此作用域中尚未声明
   66 |         image_publisher_->publish(*[01;31m[Koutput_msg[m[K);
      |                                    [01;31m[K^~~~~~~~~~[m[K
gmake[2]: *** [CMakeFiles/camera_pack.dir/build.make:76：CMakeFiles/camera_pack.dir/src/opencv_node.cpp.o] 错误 1
gmake[1]: *** [CMakeFiles/Makefile2:137：CMakeFiles/camera_pack.dir/all] 错误 2
gmake: *** [Makefile:146：all] 错误 2
